{"C:\\Users\\Aly Mohammed Masani\\Desktop\\400\\FinalProject\\Merge-FinalProject\\FoodDetection\\Backend\\server.js": {"path":"C:\\Users\\Aly Mohammed Masani\\Desktop\\400\\FinalProject\\Merge-FinalProject\\FoodDetection\\Backend\\server.js","statementMap":{"0":{"start":{"line":1,"column":0},"end":{"line":1,"column":27}},"1":{"start":{"line":3,"column":16},"end":{"line":3,"column":34}},"2":{"start":{"line":4,"column":13},"end":{"line":4,"column":28}},"3":{"start":{"line":5,"column":11},"end":{"line":5,"column":24}},"4":{"start":{"line":7,"column":19},"end":{"line":7,"column":49}},"5":{"start":{"line":8,"column":25},"end":{"line":8,"column":61}},"6":{"start":{"line":9,"column":21},"end":{"line":9,"column":53}},"7":{"start":{"line":10,"column":21},"end":{"line":10,"column":53}},"8":{"start":{"line":11,"column":21},"end":{"line":11,"column":53}},"9":{"start":{"line":13,"column":12},"end":{"line":13,"column":21}},"10":{"start":{"line":14,"column":13},"end":{"line":14,"column":37}},"11":{"start":{"line":18,"column":0},"end":{"line":18,"column":41}},"12":{"start":{"line":19,"column":0},"end":{"line":19,"column":16}},"13":{"start":{"line":22,"column":0},"end":{"line":22,"column":28}},"14":{"start":{"line":23,"column":0},"end":{"line":23,"column":34}},"15":{"start":{"line":24,"column":0},"end":{"line":24,"column":30}},"16":{"start":{"line":25,"column":0},"end":{"line":25,"column":30}},"17":{"start":{"line":26,"column":0},"end":{"line":26,"column":30}},"18":{"start":{"line":29,"column":0},"end":{"line":33,"column":1}},"19":{"start":{"line":30,"column":2},"end":{"line":32,"column":5}},"20":{"start":{"line":31,"column":4},"end":{"line":31,"column":53}},"21":{"start":{"line":36,"column":0},"end":{"line":36,"column":21}}},"fnMap":{"0":{"name":"(anonymous_0)","decl":{"start":{"line":30,"column":30},"end":{"line":30,"column":31}},"loc":{"start":{"line":30,"column":36},"end":{"line":32,"column":3}},"line":30}},"branchMap":{"0":{"loc":{"start":{"line":14,"column":13},"end":{"line":14,"column":37}},"type":"binary-expr","locations":[{"start":{"line":14,"column":13},"end":{"line":14,"column":29}},{"start":{"line":14,"column":33},"end":{"line":14,"column":37}}],"line":14},"1":{"loc":{"start":{"line":29,"column":0},"end":{"line":33,"column":1}},"type":"if","locations":[{"start":{"line":29,"column":0},"end":{"line":33,"column":1}},{"start":{},"end":{}}],"line":29}},"s":{"0":1,"1":1,"2":1,"3":1,"4":1,"5":1,"6":1,"7":1,"8":1,"9":1,"10":1,"11":1,"12":1,"13":1,"14":1,"15":1,"16":1,"17":1,"18":1,"19":0,"20":0,"21":1},"f":{"0":0},"b":{"0":[1,1],"1":[0,1]},"_coverageSchema":"1a1c01bbd47fc00a2c39e90264f33305004495a9","hash":"52ec97742c690b10c00457c9cfa3e388440dc85a"}
,"C:\\Users\\Aly Mohammed Masani\\Desktop\\400\\FinalProject\\Merge-FinalProject\\FoodDetection\\Backend\\config\\db.js": {"path":"C:\\Users\\Aly Mohammed Masani\\Desktop\\400\\FinalProject\\Merge-FinalProject\\FoodDetection\\Backend\\config\\db.js","statementMap":{"0":{"start":{"line":2,"column":17},"end":{"line":2,"column":30}},"1":{"start":{"line":5,"column":13},"end":{"line":11,"column":2}},"2":{"start":{"line":14,"column":0},"end":{"line":14,"column":22}}},"fnMap":{},"branchMap":{"0":{"loc":{"start":{"line":10,"column":8},"end":{"line":10,"column":35}},"type":"binary-expr","locations":[{"start":{"line":10,"column":8},"end":{"line":10,"column":27}},{"start":{"line":10,"column":31},"end":{"line":10,"column":35}}],"line":10}},"s":{"0":4,"1":4,"2":4},"f":{},"b":{"0":[4,4]},"_coverageSchema":"1a1c01bbd47fc00a2c39e90264f33305004495a9","hash":"51eecba6e236ba28b6dce37be11e6a2b35056990"}
,"C:\\Users\\Aly Mohammed Masani\\Desktop\\400\\FinalProject\\Merge-FinalProject\\FoodDetection\\Backend\\controllers\\authController.js": {"path":"C:\\Users\\Aly Mohammed Masani\\Desktop\\400\\FinalProject\\Merge-FinalProject\\FoodDetection\\Backend\\controllers\\authController.js","statementMap":{"0":{"start":{"line":3,"column":13},"end":{"line":3,"column":36}},"1":{"start":{"line":4,"column":15},"end":{"line":4,"column":32}},"2":{"start":{"line":6,"column":0},"end":{"line":33,"column":2}},"3":{"start":{"line":7,"column":2},"end":{"line":32,"column":3}},"4":{"start":{"line":8,"column":42},"end":{"line":8,"column":50}},"5":{"start":{"line":11,"column":25},"end":{"line":14,"column":5}},"6":{"start":{"line":15,"column":4},"end":{"line":17,"column":5}},"7":{"start":{"line":16,"column":6},"end":{"line":16,"column":68}},"8":{"start":{"line":20,"column":27},"end":{"line":20,"column":58}},"9":{"start":{"line":23,"column":19},"end":{"line":26,"column":5}},"10":{"start":{"line":28,"column":4},"end":{"line":28,"column":41}},"11":{"start":{"line":30,"column":4},"end":{"line":30,"column":50}},"12":{"start":{"line":31,"column":4},"end":{"line":31,"column":61}},"13":{"start":{"line":35,"column":0},"end":{"line":70,"column":2}},"14":{"start":{"line":36,"column":2},"end":{"line":69,"column":3}},"15":{"start":{"line":37,"column":32},"end":{"line":37,"column":40}},"16":{"start":{"line":40,"column":19},"end":{"line":43,"column":5}},"17":{"start":{"line":45,"column":4},"end":{"line":47,"column":5}},"18":{"start":{"line":46,"column":6},"end":{"line":46,"column":74}},"19":{"start":{"line":49,"column":17},"end":{"line":49,"column":31}},"20":{"start":{"line":52,"column":20},"end":{"line":52,"column":70}},"21":{"start":{"line":53,"column":4},"end":{"line":55,"column":5}},"22":{"start":{"line":54,"column":6},"end":{"line":54,"column":74}},"23":{"start":{"line":58,"column":4},"end":{"line":65,"column":7}},"24":{"start":{"line":67,"column":4},"end":{"line":67,"column":48}},"25":{"start":{"line":68,"column":4},"end":{"line":68,"column":61}}},"fnMap":{"0":{"name":"(anonymous_0)","decl":{"start":{"line":6,"column":17},"end":{"line":6,"column":18}},"loc":{"start":{"line":6,"column":37},"end":{"line":33,"column":1}},"line":6},"1":{"name":"(anonymous_1)","decl":{"start":{"line":35,"column":16},"end":{"line":35,"column":17}},"loc":{"start":{"line":35,"column":36},"end":{"line":70,"column":1}},"line":35}},"branchMap":{"0":{"loc":{"start":{"line":15,"column":4},"end":{"line":17,"column":5}},"type":"if","locations":[{"start":{"line":15,"column":4},"end":{"line":17,"column":5}},{"start":{},"end":{}}],"line":15},"1":{"loc":{"start":{"line":45,"column":4},"end":{"line":47,"column":5}},"type":"if","locations":[{"start":{"line":45,"column":4},"end":{"line":47,"column":5}},{"start":{},"end":{}}],"line":45},"2":{"loc":{"start":{"line":53,"column":4},"end":{"line":55,"column":5}},"type":"if","locations":[{"start":{"line":53,"column":4},"end":{"line":55,"column":5}},{"start":{},"end":{}}],"line":53}},"s":{"0":2,"1":2,"2":2,"3":6,"4":6,"5":6,"6":4,"7":2,"8":2,"9":2,"10":2,"11":2,"12":2,"13":2,"14":8,"15":8,"16":8,"17":6,"18":2,"19":4,"20":4,"21":4,"22":2,"23":2,"24":2,"25":2},"f":{"0":6,"1":8},"b":{"0":[2,2],"1":[2,4],"2":[2,2]},"_coverageSchema":"1a1c01bbd47fc00a2c39e90264f33305004495a9","hash":"05ce6f6edff215015c3d00fd94bbe345ce8e37bb"}
,"C:\\Users\\Aly Mohammed Masani\\Desktop\\400\\FinalProject\\Merge-FinalProject\\FoodDetection\\Backend\\controllers\\geminiController.js": {"path":"C:\\Users\\Aly Mohammed Masani\\Desktop\\400\\FinalProject\\Merge-FinalProject\\FoodDetection\\Backend\\controllers\\geminiController.js","statementMap":{"0":{"start":{"line":3,"column":28},"end":{"line":3,"column":64}},"1":{"start":{"line":10,"column":0},"end":{"line":30,"column":2}},"2":{"start":{"line":11,"column":2},"end":{"line":29,"column":3}},"3":{"start":{"line":12,"column":28},"end":{"line":12,"column":36}},"4":{"start":{"line":15,"column":4},"end":{"line":19,"column":5}},"5":{"start":{"line":16,"column":6},"end":{"line":18,"column":9}},"6":{"start":{"line":22,"column":17},"end":{"line":22,"column":51}},"7":{"start":{"line":25,"column":4},"end":{"line":25,"column":38}},"8":{"start":{"line":27,"column":4},"end":{"line":27,"column":60}},"9":{"start":{"line":28,"column":4},"end":{"line":28,"column":73}}},"fnMap":{"0":{"name":"(anonymous_0)","decl":{"start":{"line":10,"column":21},"end":{"line":10,"column":22}},"loc":{"start":{"line":10,"column":41},"end":{"line":30,"column":1}},"line":10}},"branchMap":{"0":{"loc":{"start":{"line":15,"column":4},"end":{"line":19,"column":5}},"type":"if","locations":[{"start":{"line":15,"column":4},"end":{"line":19,"column":5}},{"start":{},"end":{}}],"line":15},"1":{"loc":{"start":{"line":15,"column":8},"end":{"line":15,"column":63}},"type":"binary-expr","locations":[{"start":{"line":15,"column":8},"end":{"line":15,"column":35}},{"start":{"line":15,"column":39},"end":{"line":15,"column":63}}],"line":15}},"s":{"0":3,"1":3,"2":9,"3":9,"4":9,"5":5,"6":4,"7":2,"8":2,"9":2},"f":{"0":9},"b":{"0":[5,4],"1":[9,6]},"_coverageSchema":"1a1c01bbd47fc00a2c39e90264f33305004495a9","hash":"daafc34c4472cea0619e948263076d83c627afdb"}
,"C:\\Users\\Aly Mohammed Masani\\Desktop\\400\\FinalProject\\Merge-FinalProject\\FoodDetection\\Backend\\controllers\\ingredientController.js": {"path":"C:\\Users\\Aly Mohammed Masani\\Desktop\\400\\FinalProject\\Merge-FinalProject\\FoodDetection\\Backend\\controllers\\ingredientController.js","statementMap":{"0":{"start":{"line":1,"column":13},"end":{"line":1,"column":36}},"1":{"start":{"line":4,"column":0},"end":{"line":47,"column":2}},"2":{"start":{"line":5,"column":17},"end":{"line":5,"column":37}},"3":{"start":{"line":7,"column":2},"end":{"line":46,"column":3}},"4":{"start":{"line":8,"column":36},"end":{"line":8,"column":44}},"5":{"start":{"line":11,"column":4},"end":{"line":13,"column":5}},"6":{"start":{"line":12,"column":6},"end":{"line":12,"column":71}},"7":{"start":{"line":16,"column":4},"end":{"line":16,"column":32}},"8":{"start":{"line":19,"column":4},"end":{"line":19,"column":84}},"9":{"start":{"line":22,"column":4},"end":{"line":30,"column":5}},"10":{"start":{"line":23,"column":29},"end":{"line":28,"column":7}},"11":{"start":{"line":24,"column":8},"end":{"line":27,"column":9}},"12":{"start":{"line":29,"column":6},"end":{"line":29,"column":40}},"13":{"start":{"line":33,"column":4},"end":{"line":33,"column":33}},"14":{"start":{"line":36,"column":4},"end":{"line":36,"column":74}},"15":{"start":{"line":40,"column":4},"end":{"line":40,"column":35}},"16":{"start":{"line":41,"column":4},"end":{"line":41,"column":58}},"17":{"start":{"line":42,"column":4},"end":{"line":42,"column":61}},"18":{"start":{"line":45,"column":4},"end":{"line":45,"column":21}},"19":{"start":{"line":49,"column":0},"end":{"line":61,"column":2}},"20":{"start":{"line":50,"column":2},"end":{"line":60,"column":3}},"21":{"start":{"line":51,"column":23},"end":{"line":51,"column":32}},"22":{"start":{"line":53,"column":4},"end":{"line":53,"column":75}},"23":{"start":{"line":53,"column":17},"end":{"line":53,"column":75}},"24":{"start":{"line":55,"column":19},"end":{"line":55,"column":112}},"25":{"start":{"line":56,"column":4},"end":{"line":56,"column":70}},"26":{"start":{"line":56,"column":51},"end":{"line":56,"column":65}},"27":{"start":{"line":58,"column":4},"end":{"line":58,"column":56}},"28":{"start":{"line":59,"column":4},"end":{"line":59,"column":61}},"29":{"start":{"line":64,"column":0},"end":{"line":79,"column":2}},"30":{"start":{"line":65,"column":2},"end":{"line":78,"column":3}},"31":{"start":{"line":66,"column":35},"end":{"line":66,"column":43}},"32":{"start":{"line":67,"column":4},"end":{"line":69,"column":5}},"33":{"start":{"line":68,"column":6},"end":{"line":68,"column":71}},"34":{"start":{"line":70,"column":4},"end":{"line":73,"column":6}},"35":{"start":{"line":74,"column":4},"end":{"line":74,"column":73}},"36":{"start":{"line":76,"column":4},"end":{"line":76,"column":55}},"37":{"start":{"line":77,"column":4},"end":{"line":77,"column":61}}},"fnMap":{"0":{"name":"(anonymous_0)","decl":{"start":{"line":4,"column":25},"end":{"line":4,"column":26}},"loc":{"start":{"line":4,"column":45},"end":{"line":47,"column":1}},"line":4},"1":{"name":"(anonymous_1)","decl":{"start":{"line":23,"column":45},"end":{"line":23,"column":46}},"loc":{"start":{"line":24,"column":8},"end":{"line":27,"column":9}},"line":24},"2":{"name":"(anonymous_2)","decl":{"start":{"line":49,"column":25},"end":{"line":49,"column":26}},"loc":{"start":{"line":49,"column":45},"end":{"line":61,"column":1}},"line":49},"3":{"name":"(anonymous_3)","decl":{"start":{"line":56,"column":44},"end":{"line":56,"column":45}},"loc":{"start":{"line":56,"column":51},"end":{"line":56,"column":65}},"line":56},"4":{"name":"(anonymous_4)","decl":{"start":{"line":64,"column":27},"end":{"line":64,"column":28}},"loc":{"start":{"line":64,"column":47},"end":{"line":79,"column":1}},"line":64}},"branchMap":{"0":{"loc":{"start":{"line":11,"column":4},"end":{"line":13,"column":5}},"type":"if","locations":[{"start":{"line":11,"column":4},"end":{"line":13,"column":5}},{"start":{},"end":{}}],"line":11},"1":{"loc":{"start":{"line":11,"column":8},"end":{"line":11,"column":46}},"type":"binary-expr","locations":[{"start":{"line":11,"column":8},"end":{"line":11,"column":15}},{"start":{"line":11,"column":19},"end":{"line":11,"column":46}}],"line":11},"2":{"loc":{"start":{"line":22,"column":4},"end":{"line":30,"column":5}},"type":"if","locations":[{"start":{"line":22,"column":4},"end":{"line":30,"column":5}},{"start":{},"end":{}}],"line":22},"3":{"loc":{"start":{"line":53,"column":4},"end":{"line":53,"column":75}},"type":"if","locations":[{"start":{"line":53,"column":4},"end":{"line":53,"column":75}},{"start":{},"end":{}}],"line":53},"4":{"loc":{"start":{"line":67,"column":4},"end":{"line":69,"column":5}},"type":"if","locations":[{"start":{"line":67,"column":4},"end":{"line":69,"column":5}},{"start":{},"end":{}}],"line":67},"5":{"loc":{"start":{"line":67,"column":8},"end":{"line":67,"column":30}},"type":"binary-expr","locations":[{"start":{"line":67,"column":8},"end":{"line":67,"column":15}},{"start":{"line":67,"column":19},"end":{"line":67,"column":30}}],"line":67}},"s":{"0":3,"1":3,"2":8,"3":8,"4":8,"5":8,"6":4,"7":4,"8":4,"9":2,"10":2,"11":4,"12":2,"13":2,"14":2,"15":2,"16":2,"17":2,"18":8,"19":3,"20":6,"21":6,"22":6,"23":2,"24":4,"25":2,"26":4,"27":2,"28":2,"29":3,"30":6,"31":6,"32":6,"33":2,"34":4,"35":2,"36":2,"37":2},"f":{"0":8,"1":4,"2":6,"3":4,"4":6},"b":{"0":[4,4],"1":[8,5],"2":[2,0],"3":[2,4],"4":[2,4],"5":[6,5]},"_coverageSchema":"1a1c01bbd47fc00a2c39e90264f33305004495a9","hash":"2bff83b747fee5224672988182892d89c925694b"}
,"C:\\Users\\Aly Mohammed Masani\\Desktop\\400\\FinalProject\\Merge-FinalProject\\FoodDetection\\Backend\\controllers\\openaiController.js": {"path":"C:\\Users\\Aly Mohammed Masani\\Desktop\\400\\FinalProject\\Merge-FinalProject\\FoodDetection\\Backend\\controllers\\openaiController.js","statementMap":{"0":{"start":{"line":1,"column":15},"end":{"line":1,"column":32}},"1":{"start":{"line":2,"column":15},"end":{"line":2,"column":65}},"2":{"start":{"line":4,"column":0},"end":{"line":36,"column":2}},"3":{"start":{"line":5,"column":2},"end":{"line":35,"column":3}},"4":{"start":{"line":6,"column":22},"end":{"line":6,"column":30}},"5":{"start":{"line":7,"column":4},"end":{"line":7,"column":77}},"6":{"start":{"line":7,"column":16},"end":{"line":7,"column":77}},"7":{"start":{"line":10,"column":20},"end":{"line":10,"column":53}},"8":{"start":{"line":12,"column":21},"end":{"line":29,"column":6}},"9":{"start":{"line":31,"column":4},"end":{"line":31,"column":34}},"10":{"start":{"line":33,"column":4},"end":{"line":33,"column":52}},"11":{"start":{"line":34,"column":4},"end":{"line":34,"column":60}}},"fnMap":{"0":{"name":"(anonymous_0)","decl":{"start":{"line":4,"column":23},"end":{"line":4,"column":24}},"loc":{"start":{"line":4,"column":43},"end":{"line":36,"column":1}},"line":4}},"branchMap":{"0":{"loc":{"start":{"line":7,"column":4},"end":{"line":7,"column":77}},"type":"if","locations":[{"start":{"line":7,"column":4},"end":{"line":7,"column":77}},{"start":{},"end":{}}],"line":7}},"s":{"0":3,"1":3,"2":3,"3":6,"4":6,"5":6,"6":2,"7":4,"8":4,"9":2,"10":2,"11":2},"f":{"0":6},"b":{"0":[2,4]},"_coverageSchema":"1a1c01bbd47fc00a2c39e90264f33305004495a9","hash":"314e46bc62166c5f88b1114eac79423a0988bccf"}
,"C:\\Users\\Aly Mohammed Masani\\Desktop\\400\\FinalProject\\Merge-FinalProject\\FoodDetection\\Backend\\controllers\\recipeController.js": {"path":"C:\\Users\\Aly Mohammed Masani\\Desktop\\400\\FinalProject\\Merge-FinalProject\\FoodDetection\\Backend\\controllers\\recipeController.js","statementMap":{"0":{"start":{"line":2,"column":22},"end":{"line":2,"column":58}},"1":{"start":{"line":4,"column":0},"end":{"line":28,"column":2}},"2":{"start":{"line":5,"column":2},"end":{"line":27,"column":3}},"3":{"start":{"line":6,"column":103},"end":{"line":6,"column":111}},"4":{"start":{"line":9,"column":4},"end":{"line":11,"column":5}},"5":{"start":{"line":10,"column":6},"end":{"line":10,"column":68}},"6":{"start":{"line":13,"column":22},"end":{"line":22,"column":6}},"7":{"start":{"line":23,"column":4},"end":{"line":23,"column":43}},"8":{"start":{"line":25,"column":4},"end":{"line":25,"column":49}},"9":{"start":{"line":26,"column":4},"end":{"line":26,"column":67}},"10":{"start":{"line":30,"column":0},"end":{"line":43,"column":2}},"11":{"start":{"line":31,"column":2},"end":{"line":42,"column":3}},"12":{"start":{"line":33,"column":24},"end":{"line":33,"column":33}},"13":{"start":{"line":34,"column":4},"end":{"line":36,"column":5}},"14":{"start":{"line":35,"column":6},"end":{"line":35,"column":64}},"15":{"start":{"line":37,"column":20},"end":{"line":37,"column":59}},"16":{"start":{"line":38,"column":4},"end":{"line":38,"column":45}},"17":{"start":{"line":40,"column":4},"end":{"line":40,"column":52}},"18":{"start":{"line":41,"column":4},"end":{"line":41,"column":70}}},"fnMap":{"0":{"name":"(anonymous_0)","decl":{"start":{"line":4,"column":20},"end":{"line":4,"column":21}},"loc":{"start":{"line":4,"column":40},"end":{"line":28,"column":1}},"line":4},"1":{"name":"(anonymous_1)","decl":{"start":{"line":30,"column":21},"end":{"line":30,"column":22}},"loc":{"start":{"line":30,"column":41},"end":{"line":43,"column":1}},"line":30}},"branchMap":{"0":{"loc":{"start":{"line":9,"column":4},"end":{"line":11,"column":5}},"type":"if","locations":[{"start":{"line":9,"column":4},"end":{"line":11,"column":5}},{"start":{},"end":{}}],"line":9},"1":{"loc":{"start":{"line":9,"column":8},"end":{"line":9,"column":84}},"type":"binary-expr","locations":[{"start":{"line":9,"column":8},"end":{"line":9,"column":16}},{"start":{"line":9,"column":20},"end":{"line":9,"column":25}},{"start":{"line":9,"column":29},"end":{"line":9,"column":56}},{"start":{"line":9,"column":60},"end":{"line":9,"column":84}}],"line":9},"2":{"loc":{"start":{"line":34,"column":4},"end":{"line":36,"column":5}},"type":"if","locations":[{"start":{"line":34,"column":4},"end":{"line":36,"column":5}},{"start":{},"end":{}}],"line":34}},"s":{"0":3,"1":3,"2":9,"3":9,"4":9,"5":5,"6":4,"7":2,"8":2,"9":2,"10":3,"11":6,"12":6,"13":6,"14":2,"15":4,"16":2,"17":2,"18":2},"f":{"0":9,"1":6},"b":{"0":[5,4],"1":[9,7,6,6],"2":[2,4]},"_coverageSchema":"1a1c01bbd47fc00a2c39e90264f33305004495a9","hash":"c7c44e77db5e7f50daa64c93ef8abddae7dcb332"}
,"C:\\Users\\Aly Mohammed Masani\\Desktop\\400\\FinalProject\\Merge-FinalProject\\FoodDetection\\Backend\\routes\\authRoutes.js": {"path":"C:\\Users\\Aly Mohammed Masani\\Desktop\\400\\FinalProject\\Merge-FinalProject\\FoodDetection\\Backend\\routes\\authRoutes.js","statementMap":{"0":{"start":{"line":3,"column":16},"end":{"line":3,"column":34}},"1":{"start":{"line":4,"column":26},"end":{"line":4,"column":66}},"2":{"start":{"line":6,"column":15},"end":{"line":6,"column":31}},"3":{"start":{"line":9,"column":0},"end":{"line":9,"column":31}},"4":{"start":{"line":12,"column":0},"end":{"line":12,"column":29}},"5":{"start":{"line":14,"column":0},"end":{"line":14,"column":24}}},"fnMap":{},"branchMap":{},"s":{"0":1,"1":1,"2":1,"3":1,"4":1,"5":1},"f":{},"b":{},"_coverageSchema":"1a1c01bbd47fc00a2c39e90264f33305004495a9","hash":"c61606a9dbc6e52cd812bd49883a9095c0054a2e"}
,"C:\\Users\\Aly Mohammed Masani\\Desktop\\400\\FinalProject\\Merge-FinalProject\\FoodDetection\\Backend\\routes\\geminiRoutes.js": {"path":"C:\\Users\\Aly Mohammed Masani\\Desktop\\400\\FinalProject\\Merge-FinalProject\\FoodDetection\\Backend\\routes\\geminiRoutes.js","statementMap":{"0":{"start":{"line":3,"column":16},"end":{"line":3,"column":34}},"1":{"start":{"line":4,"column":23},"end":{"line":4,"column":65}},"2":{"start":{"line":6,"column":15},"end":{"line":6,"column":31}},"3":{"start":{"line":9,"column":0},"end":{"line":9,"column":45}},"4":{"start":{"line":11,"column":0},"end":{"line":11,"column":24}}},"fnMap":{},"branchMap":{},"s":{"0":2,"1":2,"2":2,"3":2,"4":2},"f":{},"b":{},"_coverageSchema":"1a1c01bbd47fc00a2c39e90264f33305004495a9","hash":"95e4222759a5ad6925cf53af4577bd7eeb26af81"}
,"C:\\Users\\Aly Mohammed Masani\\Desktop\\400\\FinalProject\\Merge-FinalProject\\FoodDetection\\Backend\\routes\\ingredientRoutes.js": {"path":"C:\\Users\\Aly Mohammed Masani\\Desktop\\400\\FinalProject\\Merge-FinalProject\\FoodDetection\\Backend\\routes\\ingredientRoutes.js","statementMap":{"0":{"start":{"line":1,"column":16},"end":{"line":1,"column":34}},"1":{"start":{"line":2,"column":61},"end":{"line":2,"column":107}},"2":{"start":{"line":4,"column":15},"end":{"line":4,"column":31}},"3":{"start":{"line":6,"column":0},"end":{"line":6,"column":47}},"4":{"start":{"line":7,"column":0},"end":{"line":7,"column":46}},"5":{"start":{"line":8,"column":0},"end":{"line":8,"column":50}},"6":{"start":{"line":9,"column":0},"end":{"line":9,"column":24}}},"fnMap":{},"branchMap":{},"s":{"0":2,"1":2,"2":2,"3":2,"4":2,"5":2,"6":2},"f":{},"b":{},"_coverageSchema":"1a1c01bbd47fc00a2c39e90264f33305004495a9","hash":"4597fba4b0805c65893ee00ee8b72cdbcad8cbad"}
,"C:\\Users\\Aly Mohammed Masani\\Desktop\\400\\FinalProject\\Merge-FinalProject\\FoodDetection\\Backend\\routes\\openaiRoutes.js": {"path":"C:\\Users\\Aly Mohammed Masani\\Desktop\\400\\FinalProject\\Merge-FinalProject\\FoodDetection\\Backend\\routes\\openaiRoutes.js","statementMap":{"0":{"start":{"line":1,"column":16},"end":{"line":1,"column":34}},"1":{"start":{"line":2,"column":25},"end":{"line":2,"column":67}},"2":{"start":{"line":4,"column":15},"end":{"line":4,"column":31}},"3":{"start":{"line":6,"column":0},"end":{"line":6,"column":44}},"4":{"start":{"line":8,"column":0},"end":{"line":8,"column":24}}},"fnMap":{},"branchMap":{},"s":{"0":2,"1":2,"2":2,"3":2,"4":2},"f":{},"b":{},"_coverageSchema":"1a1c01bbd47fc00a2c39e90264f33305004495a9","hash":"ee972aca92a087f5f9322dbda9376184a00415d2"}
,"C:\\Users\\Aly Mohammed Masani\\Desktop\\400\\FinalProject\\Merge-FinalProject\\FoodDetection\\Backend\\routes\\recipeRoutes.js": {"path":"C:\\Users\\Aly Mohammed Masani\\Desktop\\400\\FinalProject\\Merge-FinalProject\\FoodDetection\\Backend\\routes\\recipeRoutes.js","statementMap":{"0":{"start":{"line":2,"column":16},"end":{"line":2,"column":34}},"1":{"start":{"line":3,"column":15},"end":{"line":3,"column":31}},"2":{"start":{"line":4,"column":25},"end":{"line":4,"column":67}},"3":{"start":{"line":6,"column":0},"end":{"line":6,"column":52}},"4":{"start":{"line":7,"column":0},"end":{"line":7,"column":52}},"5":{"start":{"line":9,"column":0},"end":{"line":9,"column":24}}},"fnMap":{},"branchMap":{},"s":{"0":2,"1":2,"2":2,"3":2,"4":2,"5":2},"f":{},"b":{},"_coverageSchema":"1a1c01bbd47fc00a2c39e90264f33305004495a9","hash":"2e2e03697b7780441924c872f6772d1e9bdaa347"}
,"C:\\Users\\Aly Mohammed Masani\\Desktop\\400\\FinalProject\\Merge-FinalProject\\FoodDetection\\Backend\\services\\geminiService.js": {"path":"C:\\Users\\Aly Mohammed Masani\\Desktop\\400\\FinalProject\\Merge-FinalProject\\FoodDetection\\Backend\\services\\geminiService.js","statementMap":{"0":{"start":{"line":1,"column":29},"end":{"line":1,"column":63}},"1":{"start":{"line":2,"column":31},"end":{"line":2,"column":63}},"2":{"start":{"line":5,"column":18},"end":{"line":5,"column":56}},"3":{"start":{"line":5,"column":24},"end":{"line":5,"column":56}},"4":{"start":{"line":6,"column":21},"end":{"line":6,"column":73}},"5":{"start":{"line":6,"column":27},"end":{"line":6,"column":73}},"6":{"start":{"line":18,"column":17},"end":{"line":18,"column":28}},"7":{"start":{"line":19,"column":2},"end":{"line":35,"column":3}},"8":{"start":{"line":20,"column":4},"end":{"line":20,"column":81}},"9":{"start":{"line":21,"column":4},"end":{"line":34,"column":6}},"10":{"start":{"line":38,"column":16},"end":{"line":38,"column":46}},"11":{"start":{"line":41,"column":16},"end":{"line":45,"column":4}},"12":{"start":{"line":47,"column":17},"end":{"line":92,"column":3}},"13":{"start":{"line":94,"column":2},"end":{"line":172,"column":3}},"14":{"start":{"line":96,"column":19},"end":{"line":96,"column":54}},"15":{"start":{"line":97,"column":21},"end":{"line":97,"column":36}},"16":{"start":{"line":99,"column":17},"end":{"line":99,"column":32}},"17":{"start":{"line":101,"column":4},"end":{"line":101,"column":46}},"18":{"start":{"line":104,"column":22},"end":{"line":104,"column":33}},"19":{"start":{"line":107,"column":4},"end":{"line":107,"column":61}},"20":{"start":{"line":110,"column":22},"end":{"line":110,"column":67}},"21":{"start":{"line":111,"column":4},"end":{"line":113,"column":5}},"22":{"start":{"line":112,"column":6},"end":{"line":112,"column":40}},"23":{"start":{"line":117,"column":23},"end":{"line":117,"column":47}},"24":{"start":{"line":118,"column":22},"end":{"line":118,"column":50}},"25":{"start":{"line":120,"column":4},"end":{"line":122,"column":5}},"26":{"start":{"line":121,"column":6},"end":{"line":121,"column":76}},"27":{"start":{"line":126,"column":4},"end":{"line":151,"column":5}},"28":{"start":{"line":127,"column":6},"end":{"line":127,"column":37}},"29":{"start":{"line":129,"column":6},"end":{"line":129,"column":66}},"30":{"start":{"line":130,"column":6},"end":{"line":130,"column":54}},"31":{"start":{"line":133,"column":6},"end":{"line":150,"column":7}},"32":{"start":{"line":135,"column":31},"end":{"line":135,"column":74}},"33":{"start":{"line":136,"column":8},"end":{"line":141,"column":9}},"34":{"start":{"line":137,"column":10},"end":{"line":137,"column":54}},"35":{"start":{"line":138,"column":10},"end":{"line":138,"column":66}},"36":{"start":{"line":140,"column":10},"end":{"line":140,"column":64}},"37":{"start":{"line":143,"column":8},"end":{"line":143,"column":76}},"38":{"start":{"line":146,"column":8},"end":{"line":149,"column":10}},"39":{"start":{"line":154,"column":4},"end":{"line":165,"column":5}},"40":{"start":{"line":155,"column":32},"end":{"line":163,"column":7}},"41":{"start":{"line":157,"column":27},"end":{"line":157,"column":62}},"42":{"start":{"line":158,"column":10},"end":{"line":161,"column":12}},"43":{"start":{"line":164,"column":6},"end":{"line":164,"column":39}},"44":{"start":{"line":168,"column":4},"end":{"line":168,"column":16}},"45":{"start":{"line":170,"column":4},"end":{"line":170,"column":54}},"46":{"start":{"line":171,"column":4},"end":{"line":171,"column":51}},"47":{"start":{"line":176,"column":0},"end":{"line":181,"column":2}},"48":{"start":{"line":180,"column":22},"end":{"line":180,"column":54}}},"fnMap":{"0":{"name":"(anonymous_0)","decl":{"start":{"line":5,"column":18},"end":{"line":5,"column":19}},"loc":{"start":{"line":5,"column":24},"end":{"line":5,"column":56}},"line":5},"1":{"name":"(anonymous_1)","decl":{"start":{"line":6,"column":21},"end":{"line":6,"column":22}},"loc":{"start":{"line":6,"column":27},"end":{"line":6,"column":73}},"line":6},"2":{"name":"generateRecipes","decl":{"start":{"line":16,"column":15},"end":{"line":16,"column":30}},"loc":{"start":{"line":16,"column":44},"end":{"line":173,"column":1}},"line":16},"3":{"name":"(anonymous_3)","decl":{"start":{"line":156,"column":25},"end":{"line":156,"column":26}},"loc":{"start":{"line":156,"column":43},"end":{"line":162,"column":9}},"line":156},"4":{"name":"(anonymous_4)","decl":{"start":{"line":180,"column":13},"end":{"line":180,"column":14}},"loc":{"start":{"line":180,"column":22},"end":{"line":180,"column":54}},"line":180}},"branchMap":{"0":{"loc":{"start":{"line":5,"column":24},"end":{"line":5,"column":56}},"type":"binary-expr","locations":[{"start":{"line":5,"column":24},"end":{"line":5,"column":50}},{"start":{"line":5,"column":54},"end":{"line":5,"column":56}}],"line":5},"1":{"loc":{"start":{"line":6,"column":27},"end":{"line":6,"column":73}},"type":"binary-expr","locations":[{"start":{"line":6,"column":27},"end":{"line":6,"column":51}},{"start":{"line":6,"column":55},"end":{"line":6,"column":73}}],"line":6},"2":{"loc":{"start":{"line":19,"column":2},"end":{"line":35,"column":3}},"type":"if","locations":[{"start":{"line":19,"column":2},"end":{"line":35,"column":3}},{"start":{},"end":{}}],"line":19},"3":{"loc":{"start":{"line":111,"column":4},"end":{"line":113,"column":5}},"type":"if","locations":[{"start":{"line":111,"column":4},"end":{"line":113,"column":5}},{"start":{},"end":{}}],"line":111},"4":{"loc":{"start":{"line":111,"column":8},"end":{"line":111,"column":33}},"type":"binary-expr","locations":[{"start":{"line":111,"column":8},"end":{"line":111,"column":17}},{"start":{"line":111,"column":21},"end":{"line":111,"column":33}}],"line":111},"5":{"loc":{"start":{"line":120,"column":4},"end":{"line":122,"column":5}},"type":"if","locations":[{"start":{"line":120,"column":4},"end":{"line":122,"column":5}},{"start":{},"end":{}}],"line":120},"6":{"loc":{"start":{"line":120,"column":8},"end":{"line":120,"column":71}},"type":"binary-expr","locations":[{"start":{"line":120,"column":8},"end":{"line":120,"column":25}},{"start":{"line":120,"column":29},"end":{"line":120,"column":45}},{"start":{"line":120,"column":49},"end":{"line":120,"column":71}}],"line":120},"7":{"loc":{"start":{"line":136,"column":8},"end":{"line":141,"column":9}},"type":"if","locations":[{"start":{"line":136,"column":8},"end":{"line":141,"column":9}},{"start":{"line":139,"column":15},"end":{"line":141,"column":9}}],"line":136},"8":{"loc":{"start":{"line":136,"column":12},"end":{"line":136,"column":47}},"type":"binary-expr","locations":[{"start":{"line":136,"column":12},"end":{"line":136,"column":26}},{"start":{"line":136,"column":30},"end":{"line":136,"column":47}}],"line":136},"9":{"loc":{"start":{"line":154,"column":4},"end":{"line":165,"column":5}},"type":"if","locations":[{"start":{"line":154,"column":4},"end":{"line":165,"column":5}},{"start":{},"end":{}}],"line":154},"10":{"loc":{"start":{"line":154,"column":8},"end":{"line":154,"column":59}},"type":"binary-expr","locations":[{"start":{"line":154,"column":8},"end":{"line":154,"column":12}},{"start":{"line":154,"column":16},"end":{"line":154,"column":28}},{"start":{"line":154,"column":32},"end":{"line":154,"column":59}}],"line":154},"11":{"loc":{"start":{"line":160,"column":19},"end":{"line":160,"column":35}},"type":"binary-expr","locations":[{"start":{"line":160,"column":19},"end":{"line":160,"column":27}},{"start":{"line":160,"column":31},"end":{"line":160,"column":35}}],"line":160}},"s":{"0":7,"1":7,"2":7,"3":11,"4":7,"5":8,"6":9,"7":9,"8":1,"9":1,"10":8,"11":8,"12":8,"13":8,"14":8,"15":7,"16":7,"17":7,"18":7,"19":7,"20":7,"21":7,"22":0,"23":7,"24":7,"25":7,"26":4,"27":7,"28":7,"29":4,"30":4,"31":4,"32":4,"33":4,"34":2,"35":2,"36":2,"37":2,"38":2,"39":7,"40":5,"41":5,"42":5,"43":5,"44":7,"45":1,"46":1,"47":7,"48":2},"f":{"0":11,"1":8,"2":9,"3":5,"4":2},"b":{"0":[11,1],"1":[8,5],"2":[1,8],"3":[0,7],"4":[7,0],"5":[4,3],"6":[7,4,4],"7":[2,2],"8":[4,2],"9":[5,2],"10":[7,7,5],"11":[5,1]},"_coverageSchema":"1a1c01bbd47fc00a2c39e90264f33305004495a9","hash":"87bba687827525544f2d93c59b381b91d058ad2a"}
,"C:\\Users\\Aly Mohammed Masani\\Desktop\\400\\FinalProject\\Merge-FinalProject\\FoodDetection\\Backend\\services\\recipeService.js": {"path":"C:\\Users\\Aly Mohammed Masani\\Desktop\\400\\FinalProject\\Merge-FinalProject\\FoodDetection\\Backend\\services\\recipeService.js","statementMap":{"0":{"start":{"line":2,"column":13},"end":{"line":2,"column":36}},"1":{"start":{"line":4,"column":0},"end":{"line":38,"column":2}},"2":{"start":{"line":5,"column":17},"end":{"line":5,"column":37}},"3":{"start":{"line":6,"column":2},"end":{"line":37,"column":3}},"4":{"start":{"line":7,"column":4},"end":{"line":7,"column":32}},"5":{"start":{"line":8,"column":103},"end":{"line":8,"column":113}},"6":{"start":{"line":11,"column":29},"end":{"line":15,"column":5}},"7":{"start":{"line":16,"column":31},"end":{"line":16,"column":106}},"8":{"start":{"line":17,"column":19},"end":{"line":17,"column":75}},"9":{"start":{"line":18,"column":22},"end":{"line":18,"column":46}},"10":{"start":{"line":21,"column":4},"end":{"line":27,"column":5}},"11":{"start":{"line":22,"column":35},"end":{"line":25,"column":7}},"12":{"start":{"line":26,"column":6},"end":{"line":26,"column":72}},"13":{"start":{"line":29,"column":4},"end":{"line":29,"column":33}},"14":{"start":{"line":31,"column":4},"end":{"line":31,"column":40}},"15":{"start":{"line":33,"column":4},"end":{"line":33,"column":35}},"16":{"start":{"line":34,"column":4},"end":{"line":34,"column":16}},"17":{"start":{"line":36,"column":4},"end":{"line":36,"column":21}},"18":{"start":{"line":40,"column":0},"end":{"line":60,"column":2}},"19":{"start":{"line":41,"column":17},"end":{"line":41,"column":37}},"20":{"start":{"line":42,"column":2},"end":{"line":59,"column":3}},"21":{"start":{"line":44,"column":25},"end":{"line":52,"column":5}},"22":{"start":{"line":53,"column":19},"end":{"line":53,"column":62}},"23":{"start":{"line":54,"column":4},"end":{"line":54,"column":23}},"24":{"start":{"line":56,"column":4},"end":{"line":56,"column":16}},"25":{"start":{"line":58,"column":4},"end":{"line":58,"column":21}}},"fnMap":{"0":{"name":"(anonymous_0)","decl":{"start":{"line":4,"column":20},"end":{"line":4,"column":21}},"loc":{"start":{"line":4,"column":42},"end":{"line":38,"column":1}},"line":4},"1":{"name":"(anonymous_1)","decl":{"start":{"line":40,"column":21},"end":{"line":40,"column":22}},"loc":{"start":{"line":40,"column":40},"end":{"line":60,"column":1}},"line":40}},"branchMap":{},"s":{"0":4,"1":4,"2":2,"3":2,"4":2,"5":2,"6":2,"7":2,"8":2,"9":2,"10":2,"11":3,"12":3,"13":1,"14":1,"15":1,"16":1,"17":2,"18":4,"19":2,"20":2,"21":2,"22":2,"23":1,"24":1,"25":2},"f":{"0":2,"1":2},"b":{},"_coverageSchema":"1a1c01bbd47fc00a2c39e90264f33305004495a9","hash":"11797065e1187b0c037bc7db216714c3d10306cf"}
,"C:\\Users\\Aly Mohammed Masani\\Desktop\\400\\FinalProject\\Merge-FinalProject\\FoodDetection\\Backend\\services\\spoonacularService.js": {"path":"C:\\Users\\Aly Mohammed Masani\\Desktop\\400\\FinalProject\\Merge-FinalProject\\FoodDetection\\Backend\\services\\spoonacularService.js","statementMap":{"0":{"start":{"line":1,"column":14},"end":{"line":1,"column":30}},"1":{"start":{"line":3,"column":28},"end":{"line":3,"column":59}},"2":{"start":{"line":6,"column":2},"end":{"line":28,"column":3}},"3":{"start":{"line":7,"column":21},"end":{"line":16,"column":5}},"4":{"start":{"line":18,"column":20},"end":{"line":18,"column":41}},"5":{"start":{"line":20,"column":4},"end":{"line":22,"column":5}},"6":{"start":{"line":21,"column":6},"end":{"line":21,"column":30}},"7":{"start":{"line":24,"column":4},"end":{"line":24,"column":16}},"8":{"start":{"line":26,"column":4},"end":{"line":26,"column":74}},"9":{"start":{"line":27,"column":4},"end":{"line":27,"column":16}},"10":{"start":{"line":31,"column":0},"end":{"line":31,"column":38}}},"fnMap":{"0":{"name":"fetchRecipeImage","decl":{"start":{"line":5,"column":15},"end":{"line":5,"column":31}},"loc":{"start":{"line":5,"column":44},"end":{"line":29,"column":1}},"line":5}},"branchMap":{"0":{"loc":{"start":{"line":20,"column":4},"end":{"line":22,"column":5}},"type":"if","locations":[{"start":{"line":20,"column":4},"end":{"line":22,"column":5}},{"start":{},"end":{}}],"line":20},"1":{"loc":{"start":{"line":20,"column":8},"end":{"line":20,"column":37}},"type":"binary-expr","locations":[{"start":{"line":20,"column":8},"end":{"line":20,"column":15}},{"start":{"line":20,"column":19},"end":{"line":20,"column":37}}],"line":20}},"s":{"0":3,"1":3,"2":0,"3":0,"4":0,"5":0,"6":0,"7":0,"8":0,"9":0,"10":3},"f":{"0":0},"b":{"0":[0,0],"1":[0,0]},"_coverageSchema":"1a1c01bbd47fc00a2c39e90264f33305004495a9","hash":"9a8690defef531c0869a8fd10fa0bf8224c53157"}
}
