TN:
SF:server.js
FN:30,(anonymous_0)
FNF:1
FNH:0
FNDA:0,(anonymous_0)
DA:1,1
DA:3,1
DA:4,1
DA:5,1
DA:7,1
DA:8,1
DA:9,1
DA:10,1
DA:11,1
DA:13,1
DA:14,1
DA:18,1
DA:19,1
DA:22,1
DA:23,1
DA:24,1
DA:25,1
DA:26,1
DA:29,1
DA:30,0
DA:31,0
DA:36,1
LF:22
LH:20
BRDA:14,0,0,1
BRDA:14,0,1,1
BRDA:29,1,0,0
BRDA:29,1,1,1
BRF:4
BRH:3
end_of_record
TN:
SF:config\db.js
FNF:0
FNH:0
DA:2,4
DA:5,4
DA:14,4
LF:3
LH:3
BRDA:10,0,0,4
BRDA:10,0,1,4
BRF:2
BRH:2
end_of_record
TN:
SF:controllers\authController.js
FN:6,(anonymous_0)
FN:35,(anonymous_1)
FNF:2
FNH:2
FNDA:6,(anonymous_0)
FNDA:8,(anonymous_1)
DA:3,2
DA:4,2
DA:6,2
DA:7,6
DA:8,6
DA:11,6
DA:15,4
DA:16,2
DA:20,2
DA:23,2
DA:28,2
DA:30,2
DA:31,2
DA:35,2
DA:36,8
DA:37,8
DA:40,8
DA:45,6
DA:46,2
DA:49,4
DA:52,4
DA:53,4
DA:54,2
DA:58,2
DA:67,2
DA:68,2
LF:26
LH:26
BRDA:15,0,0,2
BRDA:15,0,1,2
BRDA:45,1,0,2
BRDA:45,1,1,4
BRDA:53,2,0,2
BRDA:53,2,1,2
BRF:6
BRH:6
end_of_record
TN:
SF:controllers\geminiController.js
FN:10,(anonymous_0)
FNF:1
FNH:1
FNDA:9,(anonymous_0)
DA:3,3
DA:10,3
DA:11,9
DA:12,9
DA:15,9
DA:16,5
DA:22,4
DA:25,2
DA:27,2
DA:28,2
LF:10
LH:10
BRDA:15,0,0,5
BRDA:15,0,1,4
BRDA:15,1,0,9
BRDA:15,1,1,6
BRF:4
BRH:4
end_of_record
TN:
SF:controllers\ingredientController.js
FN:4,(anonymous_0)
FN:23,(anonymous_1)
FN:49,(anonymous_2)
FN:56,(anonymous_3)
FN:64,(anonymous_4)
FNF:5
FNH:5
FNDA:8,(anonymous_0)
FNDA:4,(anonymous_1)
FNDA:6,(anonymous_2)
FNDA:4,(anonymous_3)
FNDA:6,(anonymous_4)
DA:1,3
DA:4,3
DA:5,8
DA:7,8
DA:8,8
DA:11,8
DA:12,4
DA:16,4
DA:19,4
DA:22,2
DA:23,2
DA:24,4
DA:29,2
DA:33,2
DA:36,2
DA:40,2
DA:41,2
DA:42,2
DA:45,8
DA:49,3
DA:50,6
DA:51,6
DA:53,6
DA:55,4
DA:56,4
DA:58,2
DA:59,2
DA:64,3
DA:65,6
DA:66,6
DA:67,6
DA:68,2
DA:70,4
DA:74,2
DA:76,2
DA:77,2
LF:36
LH:36
BRDA:11,0,0,4
BRDA:11,0,1,4
BRDA:11,1,0,8
BRDA:11,1,1,5
BRDA:22,2,0,2
BRDA:22,2,1,0
BRDA:53,3,0,2
BRDA:53,3,1,4
BRDA:67,4,0,2
BRDA:67,4,1,4
BRDA:67,5,0,6
BRDA:67,5,1,5
BRF:12
BRH:11
end_of_record
TN:
SF:controllers\openaiController.js
FN:4,(anonymous_0)
FNF:1
FNH:1
FNDA:6,(anonymous_0)
DA:1,3
DA:2,3
DA:4,3
DA:5,6
DA:6,6
DA:7,6
DA:10,4
DA:12,4
DA:31,2
DA:33,2
DA:34,2
LF:11
LH:11
BRDA:7,0,0,2
BRDA:7,0,1,4
BRF:2
BRH:2
end_of_record
TN:
SF:controllers\recipeController.js
FN:4,(anonymous_0)
FN:30,(anonymous_1)
FNF:2
FNH:2
FNDA:9,(anonymous_0)
FNDA:6,(anonymous_1)
DA:2,3
DA:4,3
DA:5,9
DA:6,9
DA:9,9
DA:10,5
DA:13,4
DA:23,2
DA:25,2
DA:26,2
DA:30,3
DA:31,6
DA:33,6
DA:34,6
DA:35,2
DA:37,4
DA:38,2
DA:40,2
DA:41,2
LF:19
LH:19
BRDA:9,0,0,5
BRDA:9,0,1,4
BRDA:9,1,0,9
BRDA:9,1,1,7
BRDA:9,1,2,6
BRDA:9,1,3,6
BRDA:34,2,0,2
BRDA:34,2,1,4
BRF:8
BRH:8
end_of_record
TN:
SF:routes\authRoutes.js
FNF:0
FNH:0
DA:3,1
DA:4,1
DA:6,1
DA:9,1
DA:12,1
DA:14,1
LF:6
LH:6
BRF:0
BRH:0
end_of_record
TN:
SF:routes\geminiRoutes.js
FNF:0
FNH:0
DA:3,2
DA:4,2
DA:6,2
DA:9,2
DA:11,2
LF:5
LH:5
BRF:0
BRH:0
end_of_record
TN:
SF:routes\ingredientRoutes.js
FNF:0
FNH:0
DA:1,2
DA:2,2
DA:4,2
DA:6,2
DA:7,2
DA:8,2
DA:9,2
LF:7
LH:7
BRF:0
BRH:0
end_of_record
TN:
SF:routes\openaiRoutes.js
FNF:0
FNH:0
DA:1,2
DA:2,2
DA:4,2
DA:6,2
DA:8,2
LF:5
LH:5
BRF:0
BRH:0
end_of_record
TN:
SF:routes\recipeRoutes.js
FNF:0
FNH:0
DA:2,2
DA:3,2
DA:4,2
DA:6,2
DA:7,2
DA:9,2
LF:6
LH:6
BRF:0
BRH:0
end_of_record
TN:
SF:services\geminiService.js
FN:5,(anonymous_0)
FN:6,(anonymous_1)
FN:16,generateRecipes
FN:156,(anonymous_3)
FN:180,(anonymous_4)
FNF:5
FNH:5
FNDA:11,(anonymous_0)
FNDA:8,(anonymous_1)
FNDA:9,generateRecipes
FNDA:5,(anonymous_3)
FNDA:2,(anonymous_4)
DA:1,7
DA:2,7
DA:5,11
DA:6,8
DA:18,9
DA:19,9
DA:20,1
DA:21,1
DA:38,8
DA:41,8
DA:47,8
DA:94,8
DA:96,8
DA:97,7
DA:99,7
DA:101,7
DA:104,7
DA:107,7
DA:110,7
DA:111,7
DA:112,0
DA:117,7
DA:118,7
DA:120,7
DA:121,4
DA:126,7
DA:127,7
DA:129,4
DA:130,4
DA:133,4
DA:135,4
DA:136,4
DA:137,2
DA:138,2
DA:140,2
DA:143,2
DA:146,2
DA:154,7
DA:155,5
DA:157,5
DA:158,5
DA:164,5
DA:168,7
DA:170,1
DA:171,1
DA:176,7
DA:180,2
LF:47
LH:46
BRDA:5,0,0,11
BRDA:5,0,1,1
BRDA:6,1,0,8
BRDA:6,1,1,5
BRDA:19,2,0,1
BRDA:19,2,1,8
BRDA:111,3,0,0
BRDA:111,3,1,7
BRDA:111,4,0,7
BRDA:111,4,1,0
BRDA:120,5,0,4
BRDA:120,5,1,3
BRDA:120,6,0,7
BRDA:120,6,1,4
BRDA:120,6,2,4
BRDA:136,7,0,2
BRDA:136,7,1,2
BRDA:136,8,0,4
BRDA:136,8,1,2
BRDA:154,9,0,5
BRDA:154,9,1,2
BRDA:154,10,0,7
BRDA:154,10,1,7
BRDA:154,10,2,5
BRDA:160,11,0,5
BRDA:160,11,1,1
BRF:26
BRH:24
end_of_record
TN:
SF:services\recipeService.js
FN:4,(anonymous_0)
FN:40,(anonymous_1)
FNF:2
FNH:2
FNDA:2,(anonymous_0)
FNDA:2,(anonymous_1)
DA:2,4
DA:4,4
DA:5,2
DA:6,2
DA:7,2
DA:8,2
DA:11,2
DA:16,2
DA:17,2
DA:18,2
DA:21,2
DA:22,3
DA:26,3
DA:29,1
DA:31,1
DA:33,1
DA:34,1
DA:36,2
DA:40,4
DA:41,2
DA:42,2
DA:44,2
DA:53,2
DA:54,1
DA:56,1
DA:58,2
LF:26
LH:26
BRF:0
BRH:0
end_of_record
TN:
SF:services\spoonacularService.js
FN:5,fetchRecipeImage
FNF:1
FNH:0
FNDA:0,fetchRecipeImage
DA:1,3
DA:3,3
DA:6,0
DA:7,0
DA:18,0
DA:20,0
DA:21,0
DA:24,0
DA:26,0
DA:27,0
DA:31,3
LF:11
LH:3
BRDA:20,0,0,0
BRDA:20,0,1,0
BRDA:20,1,0,0
BRDA:20,1,1,0
BRF:4
BRH:0
end_of_record
